c:\users\dmitry\documents\visual studio 2017\projects\opencv (ui)\project1\x64\debug\vc141.pdb
c:\users\dmitry\documents\visual studio 2017\projects\opencv (ui)\project1\x64\debug\myform.obj
c:\users\dmitry\documents\visual studio 2017\projects\opencv (ui)\project1\x64\debug\mainfunctions.obj
c:\users\dmitry\documents\visual studio 2017\projects\opencv (ui)\project1\x64\debug\.netframework,version=v4.6.1.assemblyattributes.obj
c:\users\dmitry\documents\visual studio 2017\projects\opencv (ui)\project1\x64\debug\.netframework,version=v4.6.1.assemblyattributes.asm
c:\users\dmitry\documents\visual studio 2017\projects\opencv (ui)\x64\debug\opencv (winforms).exe
c:\users\dmitry\documents\visual studio 2017\projects\opencv (ui)\x64\debug\opencv (winforms).pdb
c:\users\dmitry\documents\visual studio 2017\projects\opencv (ui)\project1\x64\debug\project1.myform.resources
c:\users\dmitry\documents\visual studio 2017\projects\opencv (ui)\project1\x64\debug\project1.myform.en.resources
c:\users\dmitry\documents\visual studio 2017\projects\opencv (ui)\x64\debug\en\opencv (winforms).resources.dll
c:\users\dmitry\documents\visual studio 2017\projects\opencv (ui)\project1\x64\debug\project1.vcxproj.generateresource.cache
c:\users\dmitry\documents\visual studio 2017\projects\opencv (ui)\project1\x64\debug\project1.vcxprojassemblyreference.cache
c:\users\dmitry\documents\visual studio 2017\projects\opencv (ui)\project1\x64\debug\opencv (.a1d25012.tlog\cl.command.1.tlog
c:\users\dmitry\documents\visual studio 2017\projects\opencv (ui)\project1\x64\debug\opencv (.a1d25012.tlog\cl.read.1.tlog
c:\users\dmitry\documents\visual studio 2017\projects\opencv (ui)\project1\x64\debug\opencv (.a1d25012.tlog\cl.write.1.tlog
c:\users\dmitry\documents\visual studio 2017\projects\opencv (ui)\project1\x64\debug\opencv (.a1d25012.tlog\link.command.1.tlog
c:\users\dmitry\documents\visual studio 2017\projects\opencv (ui)\project1\x64\debug\opencv (.a1d25012.tlog\link.read.1.tlog
c:\users\dmitry\documents\visual studio 2017\projects\opencv (ui)\project1\x64\debug\opencv (.a1d25012.tlog\link.write.1.tlog
c:\users\dmitry\documents\visual studio 2017\projects\opencv (ui)\project1\x64\debug\opencv (.a1d25012.tlog\metagen.read.1.tlog
c:\users\dmitry\documents\visual studio 2017\projects\opencv (ui)\project1\x64\debug\opencv (.a1d25012.tlog\metagen.write.1.tlog
c:\users\dmitry\documents\visual studio 2017\projects\opencv (ui)\project1\x64\debug\opencv (.a1d25012.tlog\opencv (winforms).write.1u.tlog
c:\users\dmitry\documents\visual studio 2017\projects\opencv (ui)\project1\x64\debug\opencv (.a1d25012.tlog\tzres.dll.bi
